<?xml version="1.0" encoding="UTF-8"?>
<testng-results total="1" passed="1" failed="0" skipped="0">
  <reporter-output>
  </reporter-output>
  <suite started-at="2024-05-06T05:38:33Z" name="Default suite" finished-at="2024-05-06T05:38:52Z" duration-ms="19028">
    <groups>
    </groups>
    <test started-at="2024-05-06T05:38:33Z" name="Default test" finished-at="2024-05-06T05:38:52Z" duration-ms="19028">
      <class name="Testscript.TC004">
        <test-method signature="test4()[pri:0, instance:Testscript.TC004@496bc455]" started-at="2024-05-06T11:08:33Z" name="test4" finished-at="2024-05-06T11:08:52Z" duration-ms="19004" status="PASS">
          <reporter-output>
          </reporter-output>
        </test-method> <!-- test4 -->
      </class> <!-- Testscript.TC004 -->
    </test> <!-- Default test -->
  </suite> <!-- Default suite -->
</testng-results>
